This file contains any messages produced by compilers while
running configure, to aid debugging if configure makes a mistake.

It was created by cudd configure 3.0.0, which was
generated by GNU Autoconf 2.71.  Invocation command line was

  $ ./configure --no-create --no-recursion

## --------- ##
## Platform. ##
## --------- ##

hostname = ip-172-31-83-197
uname -m = x86_64
uname -r = 5.15.0-1021-aws
uname -s = Linux
uname -v = #25-Ubuntu SMP Fri Sep 23 12:20:42 UTC 2022

/usr/bin/uname -p = x86_64
/bin/uname -X     = unknown

/bin/arch              = x86_64
/usr/bin/arch -k       = unknown
/usr/convex/getsysinfo = unknown
/usr/bin/hostinfo      = unknown
/bin/machine           = unknown
/usr/bin/oslevel       = unknown
/bin/universe          = unknown

PATH: /home/ubuntu/.local/bin/
PATH: /usr/local/sbin/
PATH: /usr/local/bin/
PATH: /usr/sbin/
PATH: /usr/bin/
PATH: /sbin/
PATH: /bin/
PATH: /usr/games/
PATH: /usr/local/games/
PATH: /snap/bin/


## ----------- ##
## Core tests. ##
## ----------- ##

configure:3070: looking for aux files: ltmain.sh ar-lib compile tap-driver.sh missing install-sh config.guess config.sub
configure:3083:  trying ./build-aux/
configure:3112:   ./build-aux/ltmain.sh found
configure:3112:   ./build-aux/ar-lib found
configure:3112:   ./build-aux/compile found
configure:3112:   ./build-aux/tap-driver.sh found
configure:3112:   ./build-aux/missing found
configure:3094:   ./build-aux/install-sh found
configure:3112:   ./build-aux/config.guess found
configure:3112:   ./build-aux/config.sub found
configure:3232: checking build system type
configure:3247: result: x86_64-unknown-linux-gnu
configure:3267: checking host system type
configure:3281: result: x86_64-unknown-linux-gnu
configure:3318: checking for a BSD-compatible install
configure:3391: result: /usr/bin/install -c
configure:3402: checking whether build environment is sane
configure:3457: result: yes
configure:3616: checking for a race-free mkdir -p
configure:3660: result: /usr/bin/mkdir -p
configure:3667: checking for gawk
configure:3688: found /usr/bin/gawk
configure:3699: result: gawk
configure:3710: checking whether make sets $(MAKE)
configure:3733: result: yes
configure:3763: checking whether make supports nested variables
configure:3781: result: yes
configure:4031: checking for gcc
configure:4052: found /usr/bin/gcc
configure:4063: result: gcc
configure:4416: checking for C compiler version
configure:4425: gcc --version >&5
gcc (Ubuntu 11.2.0-19ubuntu1) 11.2.0
Copyright (C) 2021 Free Software Foundation, Inc.
This is free software; see the source for copying conditions.  There is NO
warranty; not even for MERCHANTABILITY or FITNESS FOR A PARTICULAR PURPOSE.

configure:4436: $? = 0
configure:4425: gcc -v >&5
Using built-in specs.
COLLECT_GCC=gcc
COLLECT_LTO_WRAPPER=/usr/lib/gcc/x86_64-linux-gnu/11/lto-wrapper
OFFLOAD_TARGET_NAMES=nvptx-none:amdgcn-amdhsa
OFFLOAD_TARGET_DEFAULT=1
Target: x86_64-linux-gnu
Configured with: ../src/configure -v --with-pkgversion='Ubuntu 11.2.0-19ubuntu1' --with-bugurl=file:///usr/share/doc/gcc-11/README.Bugs --enable-languages=c,ada,c++,go,brig,d,fortran,objc,obj-c++,m2 --prefix=/usr --with-gcc-major-version-only --program-suffix=-11 --program-prefix=x86_64-linux-gnu- --enable-shared --enable-linker-build-id --libexecdir=/usr/lib --without-included-gettext --enable-threads=posix --libdir=/usr/lib --enable-nls --enable-bootstrap --enable-clocale=gnu --enable-libstdcxx-debug --enable-libstdcxx-time=yes --with-default-libstdcxx-abi=new --enable-gnu-unique-object --disable-vtable-verify --enable-plugin --enable-default-pie --with-system-zlib --enable-libphobos-checking=release --with-target-system-zlib=auto --enable-objc-gc=auto --enable-multiarch --disable-werror --enable-cet --with-arch-32=i686 --with-abi=m64 --with-multilib-list=m32,m64,mx32 --enable-multilib --with-tune=generic --enable-offload-targets=nvptx-none=/build/gcc-11-gBFGDP/gcc-11-11.2.0/debian/tmp-nvptx/usr,amdgcn-amdhsa=/build/gcc-11-gBFGDP/gcc-11-11.2.0/debian/tmp-gcn/usr --without-cuda-driver --enable-checking=release --build=x86_64-linux-gnu --host=x86_64-linux-gnu --target=x86_64-linux-gnu --with-build-config=bootstrap-lto-lean --enable-link-serialization=2
Thread model: posix
Supported LTO compression algorithms: zlib zstd
gcc version 11.2.0 (Ubuntu 11.2.0-19ubuntu1) 
... rest of stderr output deleted ...
configure:4436: $? = 0
configure:4425: gcc -V >&5
gcc: error: unrecognized command-line option '-V'
gcc: fatal error: no input files
compilation terminated.
configure:4436: $? = 1
configure:4425: gcc -qversion >&5
gcc: error: unrecognized command-line option '-qversion'; did you mean '--version'?
gcc: fatal error: no input files
compilation terminated.
configure:4436: $? = 1
configure:4425: gcc -version >&5
gcc: error: unrecognized command-line option '-version'
gcc: fatal error: no input files
compilation terminated.
configure:4436: $? = 1
configure:4456: checking whether the C compiler works
configure:4478: gcc -Wall -Wextra -g -O3   conftest.c  >&5
configure:4482: $? = 0
configure:4532: result: yes
configure:4535: checking for C compiler default output file name
configure:4537: result: a.out
configure:4543: checking for suffix of executables
configure:4550: gcc -o conftest -Wall -Wextra -g -O3   conftest.c  >&5
configure:4554: $? = 0
configure:4577: result: 
configure:4599: checking whether we are cross compiling
configure:4607: gcc -o conftest -Wall -Wextra -g -O3   conftest.c  >&5
configure:4611: $? = 0
configure:4618: ./conftest
configure:4622: $? = 0
configure:4637: result: no
configure:4642: checking for suffix of object files
configure:4665: gcc -c -Wall -Wextra -g -O3  conftest.c >&5
configure:4669: $? = 0
configure:4691: result: o
configure:4695: checking whether the compiler supports GNU C
configure:4715: gcc -c -Wall -Wextra -g -O3  conftest.c >&5
configure:4715: $? = 0
configure:4725: result: yes
configure:4736: checking whether gcc accepts -g
configure:4757: gcc -c -g  conftest.c >&5
configure:4757: $? = 0
configure:4801: result: yes
configure:4821: checking for gcc option to enable C11 features
configure:4836: gcc  -c -Wall -Wextra -g -O3  conftest.c >&5
conftest.c:186:1: warning: '_Noreturn' is not at beginning of declaration [-Wold-style-declaration]
  186 | int _Noreturn does_not_return (void) { for (;;) continue; }
      | ^~~
configure:4836: $? = 0
configure:4854: result: none needed
configure:4970: checking whether gcc understands -c and -o together
configure:4993: gcc -c conftest.c -o conftest2.o
configure:4996: $? = 0
configure:4993: gcc -c conftest.c -o conftest2.o
configure:4996: $? = 0
configure:5008: result: yes
configure:5028: checking whether make supports the include directive
configure:5043: make -f confmf.GNU && cat confinc.out
make[1]: Entering directory '/home/ubuntu/Research/cudd-3.0.0'
make[1]: Leaving directory '/home/ubuntu/Research/cudd-3.0.0'
this is the am__doit target
configure:5046: $? = 0
configure:5065: result: yes (GNU style)
configure:5091: checking dependency style of gcc
configure:5203: result: gcc3
configure:5287: checking for g++
configure:5308: found /usr/bin/g++
configure:5319: result: g++
configure:5346: checking for C++ compiler version
configure:5355: g++ --version >&5
g++ (Ubuntu 11.2.0-19ubuntu1) 11.2.0
Copyright (C) 2021 Free Software Foundation, Inc.
This is free software; see the source for copying conditions.  There is NO
warranty; not even for MERCHANTABILITY or FITNESS FOR A PARTICULAR PURPOSE.

configure:5366: $? = 0
configure:5355: g++ -v >&5
Using built-in specs.
COLLECT_GCC=g++
COLLECT_LTO_WRAPPER=/usr/lib/gcc/x86_64-linux-gnu/11/lto-wrapper
OFFLOAD_TARGET_NAMES=nvptx-none:amdgcn-amdhsa
OFFLOAD_TARGET_DEFAULT=1
Target: x86_64-linux-gnu
Configured with: ../src/configure -v --with-pkgversion='Ubuntu 11.2.0-19ubuntu1' --with-bugurl=file:///usr/share/doc/gcc-11/README.Bugs --enable-languages=c,ada,c++,go,brig,d,fortran,objc,obj-c++,m2 --prefix=/usr --with-gcc-major-version-only --program-suffix=-11 --program-prefix=x86_64-linux-gnu- --enable-shared --enable-linker-build-id --libexecdir=/usr/lib --without-included-gettext --enable-threads=posix --libdir=/usr/lib --enable-nls --enable-bootstrap --enable-clocale=gnu --enable-libstdcxx-debug --enable-libstdcxx-time=yes --with-default-libstdcxx-abi=new --enable-gnu-unique-object --disable-vtable-verify --enable-plugin --enable-default-pie --with-system-zlib --enable-libphobos-checking=release --with-target-system-zlib=auto --enable-objc-gc=auto --enable-multiarch --disable-werror --enable-cet --with-arch-32=i686 --with-abi=m64 --with-multilib-list=m32,m64,mx32 --enable-multilib --with-tune=generic --enable-offload-targets=nvptx-none=/build/gcc-11-gBFGDP/gcc-11-11.2.0/debian/tmp-nvptx/usr,amdgcn-amdhsa=/build/gcc-11-gBFGDP/gcc-11-11.2.0/debian/tmp-gcn/usr --without-cuda-driver --enable-checking=release --build=x86_64-linux-gnu --host=x86_64-linux-gnu --target=x86_64-linux-gnu --with-build-config=bootstrap-lto-lean --enable-link-serialization=2
Thread model: posix
Supported LTO compression algorithms: zlib zstd
gcc version 11.2.0 (Ubuntu 11.2.0-19ubuntu1) 
... rest of stderr output deleted ...
configure:5366: $? = 0
configure:5355: g++ -V >&5
g++: error: unrecognized command-line option '-V'
g++: fatal error: no input files
compilation terminated.
configure:5366: $? = 1
configure:5355: g++ -qversion >&5
g++: error: unrecognized command-line option '-qversion'; did you mean '--version'?
g++: fatal error: no input files
compilation terminated.
configure:5366: $? = 1
configure:5370: checking whether the compiler supports GNU C++
configure:5390: g++ -c -Wall -Wextra -std=c++0x -g -O3  conftest.cpp >&5
configure:5390: $? = 0
configure:5400: result: yes
configure:5411: checking whether g++ accepts -g
configure:5432: g++ -c -g  conftest.cpp >&5
configure:5432: $? = 0
configure:5476: result: yes
configure:5496: checking for g++ option to enable C++11 features
configure:5511: g++  -c -Wall -Wextra -std=c++0x -g -O3  conftest.cpp >&5
conftest.cpp: In function 'int main(int, char**)':
conftest.cpp:134:8: warning: unused variable 'a1' [-Wunused-variable]
  134 |   auto a1 = 6538;
      |        ^~
conftest.cpp:141:16: warning: unused variable 'a4' [-Wunused-variable]
  141 |   decltype(a2) a4 = 34895.034;
      |                ^~
conftest.cpp:145:9: warning: unused variable 'sa' [-Wunused-variable]
  145 |   short sa[cxx11test::get_val()] = { 0 };
      |         ^~
conftest.cpp:149:23: warning: unused variable 'il' [-Wunused-variable]
  149 |   cxx11test::testinit il = { 4323, 435234.23544 };
      |                       ^~
conftest.cpp:170:8: warning: unused variable 'a' [-Wunused-variable]
  170 |   auto a = sum(1);
      |        ^
conftest.cpp:171:8: warning: unused variable 'b' [-Wunused-variable]
  171 |   auto b = sum(1, 2);
      |        ^
conftest.cpp:172:8: warning: unused variable 'c' [-Wunused-variable]
  172 |   auto c = sum(1.0, 2.0, 3.0);
      |        ^
conftest.cpp:177:25: warning: empty parentheses were disambiguated as a function declaration [-Wvexing-parse]
  177 |   cxx11test::delegate d2();
      |                         ^~
conftest.cpp:177:25: note: remove parentheses to default-initialize a variable
  177 |   cxx11test::delegate d2();
      |                         ^~
      |                         --
conftest.cpp:177:25: note: or replace parentheses with braces to value-initialize a variable
conftest.cpp:186:9: warning: unused variable 'c' [-Wunused-variable]
  186 |   char *c = nullptr;
      |         ^
conftest.cpp:194:15: warning: unused variable 'utf8' [-Wunused-variable]
  194 |   char const *utf8 = u8"UTF-8 string \u2500";
      |               ^~~~
conftest.cpp:195:19: warning: unused variable 'utf16' [-Wunused-variable]
  195 |   char16_t const *utf16 = u"UTF-8 string \u2500";
      |                   ^~~~~
conftest.cpp:196:19: warning: unused variable 'utf32' [-Wunused-variable]
  196 |   char32_t const *utf32 = U"UTF-32 string \u2500";
      |                   ^~~~~
configure:5511: $? = 0
configure:5529: result: none needed
configure:5595: checking dependency style of g++
configure:5707: result: gcc3
configure:5778: checking for ar
configure:5799: found /usr/bin/ar
configure:5810: result: ar
configure:5836: checking the archiver (ar) interface
configure:5853: gcc -c -Wall -Wextra -g -O3  conftest.c >&5
configure:5853: $? = 0
configure:5856: ar cru libconftest.a conftest.o >&5
ar: `u' modifier ignored since `D' is the default (see `U')
configure:5859: $? = 0
configure:5887: result: ar
configure:5955: checking how to print strings
configure:5982: result: printf
configure:6003: checking for a sed that does not truncate output
configure:6073: result: /usr/bin/sed
configure:6091: checking for grep that handles long lines and -e
configure:6155: result: /usr/bin/grep
configure:6160: checking for egrep
configure:6228: result: /usr/bin/grep -E
configure:6233: checking for fgrep
configure:6301: result: /usr/bin/grep -F
configure:6337: checking for ld used by gcc
configure:6405: result: /usr/bin/ld
configure:6412: checking if the linker (/usr/bin/ld) is GNU ld
configure:6428: result: yes
configure:6440: checking for BSD- or MS-compatible name lister (nm)
configure:6490: result: /usr/bin/nm -B
configure:6630: checking the name lister (/usr/bin/nm -B) interface
configure:6638: gcc -c -Wall -Wextra -g -O3  conftest.c >&5
configure:6641: /usr/bin/nm -B "conftest.o"
configure:6644: output
0000000000000000 B some_variable
configure:6651: result: BSD nm
configure:6654: checking whether ln -s works
configure:6658: result: yes
configure:6666: checking the maximum length of command line arguments
configure:6798: result: 1572864
configure:6815: checking whether the shell understands some XSI constructs
configure:6825: result: yes
configure:6829: checking whether the shell understands "+="
configure:6835: result: yes
configure:6870: checking how to convert x86_64-unknown-linux-gnu file names to x86_64-unknown-linux-gnu format
configure:6911: result: func_convert_file_noop
configure:6918: checking how to convert x86_64-unknown-linux-gnu file names to toolchain format
configure:6939: result: func_convert_file_noop
configure:6946: checking for /usr/bin/ld option to reload object files
configure:6954: result: -r
configure:7033: checking for objdump
configure:7054: found /usr/bin/objdump
configure:7065: result: objdump
configure:7094: checking how to recognize dependent libraries
configure:7293: result: pass_all
configure:7383: checking for dlltool
configure:7418: result: no
configure:7445: checking how to associate runtime and link libraries
configure:7473: result: printf %s\n
configure:7607: checking for archiver @FILE support
configure:7625: gcc -c -Wall -Wextra -g -O3  conftest.c >&5
configure:7625: $? = 0
configure:7629: ar cru libconftest.a @conftest.lst >&5
ar: `u' modifier ignored since `D' is the default (see `U')
configure:7632: $? = 0
configure:7637: ar cru libconftest.a @conftest.lst >&5
ar: `u' modifier ignored since `D' is the default (see `U')
ar: conftest.o: No such file or directory
configure:7640: $? = 1
configure:7652: result: @
configure:7715: checking for strip
configure:7736: found /usr/bin/strip
configure:7747: result: strip
configure:7824: checking for ranlib
configure:7845: found /usr/bin/ranlib
configure:7856: result: ranlib
configure:7958: checking command to parse /usr/bin/nm -B output from gcc object
configure:8079: gcc -c -Wall -Wextra -g -O3  conftest.c >&5
configure:8082: $? = 0
configure:8086: /usr/bin/nm -B conftest.o \| sed -n -e 's/^.*[ ]\([ABCDGIRSTW][ABCDGIRSTW]*\)[ ][ ]*\([_A-Za-z][_A-Za-z0-9]*\)$/\1 \2 \2/p' | sed '/ __gnu_lto/d' \> conftest.nm
configure:8089: $? = 0
configure:8155: gcc -o conftest -Wall -Wextra -g -O3   conftest.c conftstm.o >&5
configure:8158: $? = 0
configure:8196: result: ok
configure:8233: checking for sysroot
configure:8264: result: no
configure:8342: gcc -c -Wall -Wextra -g -O3  conftest.c >&5
configure:8345: $? = 0
configure:8541: checking for mt
configure:8562: found /usr/bin/mt
configure:8573: result: mt
configure:8596: checking if mt is a manifest tool
configure:8603: mt '-?'
configure:8611: result: no
configure:9306: checking for stdio.h
configure:9306: gcc -c -Wall -Wextra -g -O3  conftest.c >&5
configure:9306: $? = 0
configure:9306: result: yes
configure:9306: checking for stdlib.h
configure:9306: gcc -c -Wall -Wextra -g -O3  conftest.c >&5
configure:9306: $? = 0
configure:9306: result: yes
configure:9306: checking for string.h
configure:9306: gcc -c -Wall -Wextra -g -O3  conftest.c >&5
configure:9306: $? = 0
configure:9306: result: yes
configure:9306: checking for inttypes.h
configure:9306: gcc -c -Wall -Wextra -g -O3  conftest.c >&5
configure:9306: $? = 0
configure:9306: result: yes
configure:9306: checking for stdint.h
configure:9306: gcc -c -Wall -Wextra -g -O3  conftest.c >&5
configure:9306: $? = 0
configure:9306: result: yes
configure:9306: checking for strings.h
configure:9306: gcc -c -Wall -Wextra -g -O3  conftest.c >&5
configure:9306: $? = 0
configure:9306: result: yes
configure:9306: checking for sys/stat.h
configure:9306: gcc -c -Wall -Wextra -g -O3  conftest.c >&5
configure:9306: $? = 0
configure:9306: result: yes
configure:9306: checking for sys/types.h
configure:9306: gcc -c -Wall -Wextra -g -O3  conftest.c >&5
configure:9306: $? = 0
configure:9306: result: yes
configure:9306: checking for unistd.h
configure:9306: gcc -c -Wall -Wextra -g -O3  conftest.c >&5
configure:9306: $? = 0
configure:9306: result: yes
configure:9331: checking for dlfcn.h
configure:9331: gcc -c -Wall -Wextra -g -O3  conftest.c >&5
configure:9331: $? = 0
configure:9331: result: yes
configure:9876: checking for objdir
configure:9892: result: .libs
configure:10163: checking if gcc supports -fno-rtti -fno-exceptions
configure:10182: gcc -c -Wall -Wextra -g -O3  -fno-rtti -fno-exceptions conftest.c >&5
cc1: warning: command-line option '-fno-rtti' is valid for C++/D/ObjC++ but not for C
configure:10186: $? = 0
configure:10199: result: no
configure:10526: checking for gcc option to produce PIC
configure:10534: result: -fPIC -DPIC
configure:10542: checking if gcc PIC flag -fPIC -DPIC works
configure:10561: gcc -c -Wall -Wextra -g -O3  -fPIC -DPIC -DPIC conftest.c >&5
configure:10565: $? = 0
configure:10578: result: yes
configure:10607: checking if gcc static flag -static works
configure:10636: result: yes
configure:10651: checking if gcc supports -c -o file.o
configure:10673: gcc -c -Wall -Wextra -g -O3  -o out/conftest2.o conftest.c >&5
configure:10677: $? = 0
configure:10699: result: yes
configure:10707: checking if gcc supports -c -o file.o
configure:10755: result: yes
configure:10788: checking whether the gcc linker (/usr/bin/ld -m elf_x86_64) supports shared libraries
configure:11952: result: yes
configure:12193: checking dynamic linker characteristics
configure:12694: gcc -o conftest -Wall -Wextra -g -O3   -Wl,-rpath -Wl,/foo conftest.c  >&5
configure:12694: $? = 0
configure:12930: result: GNU/Linux ld.so
configure:13037: checking how to hardcode library paths into programs
configure:13062: result: immediate
configure:13606: checking whether stripping libraries is possible
configure:13611: result: yes
configure:13646: checking if libtool supports shared libraries
configure:13648: result: yes
configure:13651: checking whether to build shared libraries
configure:13672: result: no
configure:13675: checking whether to build static libraries
configure:13679: result: yes
configure:13702: checking how to run the C++ preprocessor
configure:13724: g++ -E  conftest.cpp
configure:13724: $? = 0
configure:13739: g++ -E  conftest.cpp
conftest.cpp:23:10: fatal error: ac_nonexistent.h: No such file or directory
   23 | #include <ac_nonexistent.h>
      |          ^~~~~~~~~~~~~~~~~~
compilation terminated.
configure:13739: $? = 1
configure: failed program was:
| /* confdefs.h */
| #define PACKAGE_NAME "cudd"
| #define PACKAGE_TARNAME "cudd"
| #define PACKAGE_VERSION "3.0.0"
| #define PACKAGE_STRING "cudd 3.0.0"
| #define PACKAGE_BUGREPORT "Fabio@Colorado.EDU"
| #define PACKAGE_URL ""
| #define PACKAGE "cudd"
| #define VERSION "3.0.0"
| #define HAVE_STDIO_H 1
| #define HAVE_STDLIB_H 1
| #define HAVE_STRING_H 1
| #define HAVE_INTTYPES_H 1
| #define HAVE_STDINT_H 1
| #define HAVE_STRINGS_H 1
| #define HAVE_SYS_STAT_H 1
| #define HAVE_SYS_TYPES_H 1
| #define HAVE_UNISTD_H 1
| #define STDC_HEADERS 1
| #define HAVE_DLFCN_H 1
| #define LT_OBJDIR ".libs/"
| /* end confdefs.h.  */
| #include <ac_nonexistent.h>
configure:13766: result: g++ -E
configure:13780: g++ -E  conftest.cpp
configure:13780: $? = 0
configure:13795: g++ -E  conftest.cpp
conftest.cpp:23:10: fatal error: ac_nonexistent.h: No such file or directory
   23 | #include <ac_nonexistent.h>
      |          ^~~~~~~~~~~~~~~~~~
compilation terminated.
configure:13795: $? = 1
configure: failed program was:
| /* confdefs.h */
| #define PACKAGE_NAME "cudd"
| #define PACKAGE_TARNAME "cudd"
| #define PACKAGE_VERSION "3.0.0"
| #define PACKAGE_STRING "cudd 3.0.0"
| #define PACKAGE_BUGREPORT "Fabio@Colorado.EDU"
| #define PACKAGE_URL ""
| #define PACKAGE "cudd"
| #define VERSION "3.0.0"
| #define HAVE_STDIO_H 1
| #define HAVE_STDLIB_H 1
| #define HAVE_STRING_H 1
| #define HAVE_INTTYPES_H 1
| #define HAVE_STDINT_H 1
| #define HAVE_STRINGS_H 1
| #define HAVE_SYS_STAT_H 1
| #define HAVE_SYS_TYPES_H 1
| #define HAVE_UNISTD_H 1
| #define STDC_HEADERS 1
| #define HAVE_DLFCN_H 1
| #define LT_OBJDIR ".libs/"
| /* end confdefs.h.  */
| #include <ac_nonexistent.h>
configure:13967: checking for ld used by g++
configure:14035: result: /usr/bin/ld -m elf_x86_64
configure:14042: checking if the linker (/usr/bin/ld -m elf_x86_64) is GNU ld
configure:14058: result: yes
configure:14113: checking whether the g++ linker (/usr/bin/ld -m elf_x86_64) supports shared libraries
configure:15119: result: yes
configure:15155: g++ -c -Wall -Wextra -std=c++0x -g -O3  conftest.cpp >&5
configure:15158: $? = 0
configure:15678: checking for g++ option to produce PIC
configure:15686: result: -fPIC -DPIC
configure:15694: checking if g++ PIC flag -fPIC -DPIC works
configure:15713: g++ -c -Wall -Wextra -std=c++0x -g -O3  -fPIC -DPIC -DPIC conftest.cpp >&5
configure:15717: $? = 0
configure:15730: result: yes
configure:15753: checking if g++ static flag -static works
configure:15782: result: yes
configure:15794: checking if g++ supports -c -o file.o
configure:15816: g++ -c -Wall -Wextra -std=c++0x -g -O3  -o out/conftest2.o conftest.cpp >&5
configure:15820: $? = 0
configure:15842: result: yes
configure:15847: checking if g++ supports -c -o file.o
configure:15895: result: yes
configure:15925: checking whether the g++ linker (/usr/bin/ld -m elf_x86_64) supports shared libraries
configure:15964: result: yes
configure:16106: checking dynamic linker characteristics
configure:16777: result: GNU/Linux ld.so
configure:16830: checking how to hardcode library paths into programs
configure:16855: result: immediate
configure:16922: checking whether byte ordering is bigendian
configure:16938: gcc -c -Wall -Wextra -g -O3  conftest.c >&5
conftest.c:24:16: error: unknown type name 'not'
   24 |                not a universal capable compiler
      |                ^~~
conftest.c:24:22: error: expected '=', ',', ';', 'asm' or '__attribute__' before 'universal'
   24 |                not a universal capable compiler
      |                      ^~~~~~~~~
conftest.c:24:22: error: unknown type name 'universal'
configure:16938: $? = 1
configure: failed program was:
| /* confdefs.h */
| #define PACKAGE_NAME "cudd"
| #define PACKAGE_TARNAME "cudd"
| #define PACKAGE_VERSION "3.0.0"
| #define PACKAGE_STRING "cudd 3.0.0"
| #define PACKAGE_BUGREPORT "Fabio@Colorado.EDU"
| #define PACKAGE_URL ""
| #define PACKAGE "cudd"
| #define VERSION "3.0.0"
| #define HAVE_STDIO_H 1
| #define HAVE_STDLIB_H 1
| #define HAVE_STRING_H 1
| #define HAVE_INTTYPES_H 1
| #define HAVE_STDINT_H 1
| #define HAVE_STRINGS_H 1
| #define HAVE_SYS_STAT_H 1
| #define HAVE_SYS_TYPES_H 1
| #define HAVE_UNISTD_H 1
| #define STDC_HEADERS 1
| #define HAVE_DLFCN_H 1
| #define LT_OBJDIR ".libs/"
| /* end confdefs.h.  */
| #ifndef __APPLE_CC__
| 	       not a universal capable compiler
| 	     #endif
| 	     typedef int dummy;
| 
configure:16984: gcc -c -Wall -Wextra -g -O3  conftest.c >&5
configure:16984: $? = 0
configure:17003: gcc -c -Wall -Wextra -g -O3  conftest.c >&5
conftest.c: In function 'main':
conftest.c:30:18: error: unknown type name 'not'; did you mean 'ino_t'?
   30 |                  not big endian
      |                  ^~~
      |                  ino_t
conftest.c:30:26: error: expected '=', ',', ';', 'asm' or '__attribute__' before 'endian'
   30 |                  not big endian
      |                          ^~~~~~
configure:17003: $? = 1
configure: failed program was:
| /* confdefs.h */
| #define PACKAGE_NAME "cudd"
| #define PACKAGE_TARNAME "cudd"
| #define PACKAGE_VERSION "3.0.0"
| #define PACKAGE_STRING "cudd 3.0.0"
| #define PACKAGE_BUGREPORT "Fabio@Colorado.EDU"
| #define PACKAGE_URL ""
| #define PACKAGE "cudd"
| #define VERSION "3.0.0"
| #define HAVE_STDIO_H 1
| #define HAVE_STDLIB_H 1
| #define HAVE_STRING_H 1
| #define HAVE_INTTYPES_H 1
| #define HAVE_STDINT_H 1
| #define HAVE_STRINGS_H 1
| #define HAVE_SYS_STAT_H 1
| #define HAVE_SYS_TYPES_H 1
| #define HAVE_UNISTD_H 1
| #define STDC_HEADERS 1
| #define HAVE_DLFCN_H 1
| #define LT_OBJDIR ".libs/"
| /* end confdefs.h.  */
| #include <sys/types.h>
| 		#include <sys/param.h>
| 
| int
| main (void)
| {
| #if BYTE_ORDER != BIG_ENDIAN
| 		 not big endian
| 		#endif
| 
|   ;
|   return 0;
| }
configure:17137: result: no
configure:17169: checking for doxygen
configure:17204: result: no
configure:17213: WARNING: Doxygen not found - continuing without Doxygen support
configure:17233: checking for pdflatex
configure:17268: result: no
configure:17277: WARNING: pdflatex not found - unable to compile manual to PDF
configure:17284: checking for makeindex
configure:17319: result: no
configure:17328: WARNING: makeindex not found - unable to compile manual to PDF
configure:17346: checking for library containing pow
configure:17376: gcc -o conftest -Wall -Wextra -g -O3   conftest.c  >&5
conftest.c:27:6: warning: conflicting types for built-in function 'pow'; expected 'double(double,  double)' [-Wbuiltin-declaration-mismatch]
   27 | char pow ();
      |      ^~~
conftest.c:1:1: note: 'pow' is declared in header '<math.h>'
    1 | /* confdefs.h */
/usr/bin/ld: /tmp/cch2wLIo.o: in function `main':
/home/ubuntu/Research/cudd-3.0.0/conftest.c:31: undefined reference to `pow'
collect2: error: ld returned 1 exit status
configure:17376: $? = 1
configure: failed program was:
| /* confdefs.h */
| #define PACKAGE_NAME "cudd"
| #define PACKAGE_TARNAME "cudd"
| #define PACKAGE_VERSION "3.0.0"
| #define PACKAGE_STRING "cudd 3.0.0"
| #define PACKAGE_BUGREPORT "Fabio@Colorado.EDU"
| #define PACKAGE_URL ""
| #define PACKAGE "cudd"
| #define VERSION "3.0.0"
| #define HAVE_STDIO_H 1
| #define HAVE_STDLIB_H 1
| #define HAVE_STRING_H 1
| #define HAVE_INTTYPES_H 1
| #define HAVE_STDINT_H 1
| #define HAVE_STRINGS_H 1
| #define HAVE_SYS_STAT_H 1
| #define HAVE_SYS_TYPES_H 1
| #define HAVE_UNISTD_H 1
| #define STDC_HEADERS 1
| #define HAVE_DLFCN_H 1
| #define LT_OBJDIR ".libs/"
| /* end confdefs.h.  */
| 
| /* Override any GCC internal prototype to avoid an error.
|    Use char because int might match the return type of a GCC
|    builtin and then its argument prototype would still apply.  */
| char pow ();
| int
| main (void)
| {
| return pow ();
|   ;
|   return 0;
| }
configure:17376: gcc -o conftest -Wall -Wextra -g -O3   conftest.c -lm   >&5
conftest.c:27:6: warning: conflicting types for built-in function 'pow'; expected 'double(double,  double)' [-Wbuiltin-declaration-mismatch]
   27 | char pow ();
      |      ^~~
conftest.c:1:1: note: 'pow' is declared in header '<math.h>'
    1 | /* confdefs.h */
configure:17376: $? = 0
configure:17396: result: -lm
configure:17405: checking for pthread_create in -lpthread
configure:17428: gcc -o conftest -Wall -Wextra -g -O3   conftest.c -lpthread  -lm  >&5
configure:17428: $? = 0
configure:17438: result: yes
configure:17456: checking for library containing WSAStartup
configure:17486: gcc -o conftest -Wall -Wextra -g -O3   conftest.c -lm  >&5
/usr/bin/ld: /tmp/ccDngCx7.o: in function `main':
/home/ubuntu/Research/cudd-3.0.0/conftest.c:31: undefined reference to `WSAStartup'
collect2: error: ld returned 1 exit status
configure:17486: $? = 1
configure: failed program was:
| /* confdefs.h */
| #define PACKAGE_NAME "cudd"
| #define PACKAGE_TARNAME "cudd"
| #define PACKAGE_VERSION "3.0.0"
| #define PACKAGE_STRING "cudd 3.0.0"
| #define PACKAGE_BUGREPORT "Fabio@Colorado.EDU"
| #define PACKAGE_URL ""
| #define PACKAGE "cudd"
| #define VERSION "3.0.0"
| #define HAVE_STDIO_H 1
| #define HAVE_STDLIB_H 1
| #define HAVE_STRING_H 1
| #define HAVE_INTTYPES_H 1
| #define HAVE_STDINT_H 1
| #define HAVE_STRINGS_H 1
| #define HAVE_SYS_STAT_H 1
| #define HAVE_SYS_TYPES_H 1
| #define HAVE_UNISTD_H 1
| #define STDC_HEADERS 1
| #define HAVE_DLFCN_H 1
| #define LT_OBJDIR ".libs/"
| /* end confdefs.h.  */
| 
| /* Override any GCC internal prototype to avoid an error.
|    Use char because int might match the return type of a GCC
|    builtin and then its argument prototype would still apply.  */
| char WSAStartup ();
| int
| main (void)
| {
| return WSAStartup ();
|   ;
|   return 0;
| }
configure:17486: gcc -o conftest -Wall -Wextra -g -O3   conftest.c -lws2_32  -lm  >&5
/usr/bin/ld: cannot find -lws2_32: No such file or directory
collect2: error: ld returned 1 exit status
configure:17486: $? = 1
configure: failed program was:
| /* confdefs.h */
| #define PACKAGE_NAME "cudd"
| #define PACKAGE_TARNAME "cudd"
| #define PACKAGE_VERSION "3.0.0"
| #define PACKAGE_STRING "cudd 3.0.0"
| #define PACKAGE_BUGREPORT "Fabio@Colorado.EDU"
| #define PACKAGE_URL ""
| #define PACKAGE "cudd"
| #define VERSION "3.0.0"
| #define HAVE_STDIO_H 1
| #define HAVE_STDLIB_H 1
| #define HAVE_STRING_H 1
| #define HAVE_INTTYPES_H 1
| #define HAVE_STDINT_H 1
| #define HAVE_STRINGS_H 1
| #define HAVE_SYS_STAT_H 1
| #define HAVE_SYS_TYPES_H 1
| #define HAVE_UNISTD_H 1
| #define STDC_HEADERS 1
| #define HAVE_DLFCN_H 1
| #define LT_OBJDIR ".libs/"
| /* end confdefs.h.  */
| 
| /* Override any GCC internal prototype to avoid an error.
|    Use char because int might match the return type of a GCC
|    builtin and then its argument prototype would still apply.  */
| char WSAStartup ();
| int
| main (void)
| {
| return WSAStartup ();
|   ;
|   return 0;
| }
configure:17506: result: no
configure:17515: checking for library containing GetProcessMemoryInfo
configure:17545: gcc -o conftest -Wall -Wextra -g -O3   conftest.c -lm  >&5
/usr/bin/ld: /tmp/cc5ZH6cf.o: in function `main':
/home/ubuntu/Research/cudd-3.0.0/conftest.c:31: undefined reference to `GetProcessMemoryInfo'
collect2: error: ld returned 1 exit status
configure:17545: $? = 1
configure: failed program was:
| /* confdefs.h */
| #define PACKAGE_NAME "cudd"
| #define PACKAGE_TARNAME "cudd"
| #define PACKAGE_VERSION "3.0.0"
| #define PACKAGE_STRING "cudd 3.0.0"
| #define PACKAGE_BUGREPORT "Fabio@Colorado.EDU"
| #define PACKAGE_URL ""
| #define PACKAGE "cudd"
| #define VERSION "3.0.0"
| #define HAVE_STDIO_H 1
| #define HAVE_STDLIB_H 1
| #define HAVE_STRING_H 1
| #define HAVE_INTTYPES_H 1
| #define HAVE_STDINT_H 1
| #define HAVE_STRINGS_H 1
| #define HAVE_SYS_STAT_H 1
| #define HAVE_SYS_TYPES_H 1
| #define HAVE_UNISTD_H 1
| #define STDC_HEADERS 1
| #define HAVE_DLFCN_H 1
| #define LT_OBJDIR ".libs/"
| /* end confdefs.h.  */
| 
| /* Override any GCC internal prototype to avoid an error.
|    Use char because int might match the return type of a GCC
|    builtin and then its argument prototype would still apply.  */
| char GetProcessMemoryInfo ();
| int
| main (void)
| {
| return GetProcessMemoryInfo ();
|   ;
|   return 0;
| }
configure:17545: gcc -o conftest -Wall -Wextra -g -O3   conftest.c -lpsapi  -lm  >&5
/usr/bin/ld: cannot find -lpsapi: No such file or directory
collect2: error: ld returned 1 exit status
configure:17545: $? = 1
configure: failed program was:
| /* confdefs.h */
| #define PACKAGE_NAME "cudd"
| #define PACKAGE_TARNAME "cudd"
| #define PACKAGE_VERSION "3.0.0"
| #define PACKAGE_STRING "cudd 3.0.0"
| #define PACKAGE_BUGREPORT "Fabio@Colorado.EDU"
| #define PACKAGE_URL ""
| #define PACKAGE "cudd"
| #define VERSION "3.0.0"
| #define HAVE_STDIO_H 1
| #define HAVE_STDLIB_H 1
| #define HAVE_STRING_H 1
| #define HAVE_INTTYPES_H 1
| #define HAVE_STDINT_H 1
| #define HAVE_STRINGS_H 1
| #define HAVE_SYS_STAT_H 1
| #define HAVE_SYS_TYPES_H 1
| #define HAVE_UNISTD_H 1
| #define STDC_HEADERS 1
| #define HAVE_DLFCN_H 1
| #define LT_OBJDIR ".libs/"
| /* end confdefs.h.  */
| 
| /* Override any GCC internal prototype to avoid an error.
|    Use char because int might match the return type of a GCC
|    builtin and then its argument prototype would still apply.  */
| char GetProcessMemoryInfo ();
| int
| main (void)
| {
| return GetProcessMemoryInfo ();
|   ;
|   return 0;
| }
configure:17565: result: no
configure:17580: checking for float.h
configure:17580: gcc -c -Wall -Wextra -g -O3  conftest.c >&5
configure:17580: $? = 0
configure:17580: result: yes
configure:17580: checking for inttypes.h
configure:17580: result: yes
configure:17580: checking for limits.h
configure:17580: gcc -c -Wall -Wextra -g -O3  conftest.c >&5
configure:17580: $? = 0
configure:17580: result: yes
configure:17580: checking for stddef.h
configure:17580: gcc -c -Wall -Wextra -g -O3  conftest.c >&5
configure:17580: $? = 0
configure:17580: result: yes
configure:17580: checking for stdlib.h
configure:17580: result: yes
configure:17580: checking for string.h
configure:17580: result: yes
configure:17580: checking for assert.h
configure:17580: gcc -c -Wall -Wextra -g -O3  conftest.c >&5
configure:17580: $? = 0
configure:17580: result: yes
configure:17580: checking for math.h
configure:17580: gcc -c -Wall -Wextra -g -O3  conftest.c >&5
configure:17580: $? = 0
configure:17580: result: yes
configure:17596: checking for unistd.h
configure:17596: result: yes
configure:17602: checking for sys/time.h
configure:17602: gcc -c -Wall -Wextra -g -O3  conftest.c >&5
configure:17602: $? = 0
configure:17602: result: yes
configure:17608: checking for sys/times.h
configure:17608: gcc -c -Wall -Wextra -g -O3  conftest.c >&5
configure:17608: $? = 0
configure:17608: result: yes
configure:17614: checking for sys/resource.h
configure:17614: gcc -c -Wall -Wextra -g -O3  conftest.c >&5
configure:17614: $? = 0
configure:17614: result: yes
configure:17620: checking for sys/wait.h
configure:17620: gcc -c -Wall -Wextra -g -O3  conftest.c >&5
configure:17620: $? = 0
configure:17620: result: yes
configure:17628: checking for working C++ thread header
configure:17647: g++ -c -Wall -Wextra -std=c++0x -g -O3  conftest.cpp >&5
configure:17647: $? = 0
configure:17661: result: yes
configure:17672: checking for _Bool
configure:17672: gcc -c -Wall -Wextra -g -O3  conftest.c >&5
configure:17672: $? = 0
configure:17672: gcc -c -Wall -Wextra -g -O3  conftest.c >&5
conftest.c: In function 'main':
conftest.c:68:20: error: expected expression before ')' token
   68 | if (sizeof ((_Bool)))
      |                    ^
configure:17672: $? = 1
configure: failed program was:
| /* confdefs.h */
| #define PACKAGE_NAME "cudd"
| #define PACKAGE_TARNAME "cudd"
| #define PACKAGE_VERSION "3.0.0"
| #define PACKAGE_STRING "cudd 3.0.0"
| #define PACKAGE_BUGREPORT "Fabio@Colorado.EDU"
| #define PACKAGE_URL ""
| #define PACKAGE "cudd"
| #define VERSION "3.0.0"
| #define HAVE_STDIO_H 1
| #define HAVE_STDLIB_H 1
| #define HAVE_STRING_H 1
| #define HAVE_INTTYPES_H 1
| #define HAVE_STDINT_H 1
| #define HAVE_STRINGS_H 1
| #define HAVE_SYS_STAT_H 1
| #define HAVE_SYS_TYPES_H 1
| #define HAVE_UNISTD_H 1
| #define STDC_HEADERS 1
| #define HAVE_DLFCN_H 1
| #define LT_OBJDIR ".libs/"
| #define HAVE_FLOAT_H 1
| #define HAVE_INTTYPES_H 1
| #define HAVE_LIMITS_H 1
| #define HAVE_STDDEF_H 1
| #define HAVE_STDLIB_H 1
| #define HAVE_STRING_H 1
| #define HAVE_ASSERT_H 1
| #define HAVE_MATH_H 1
| #define HAVE_UNISTD_H 1
| #define HAVE_SYS_TIME_H 1
| #define HAVE_SYS_TIMES_H 1
| #define HAVE_SYS_RESOURCE_H 1
| #define HAVE_SYS_WAIT_H 1
| #define HAVE_WORKING_THREAD 1
| /* end confdefs.h.  */
| #include <stddef.h>
| #ifdef HAVE_STDIO_H
| # include <stdio.h>
| #endif
| #ifdef HAVE_STDLIB_H
| # include <stdlib.h>
| #endif
| #ifdef HAVE_STRING_H
| # include <string.h>
| #endif
| #ifdef HAVE_INTTYPES_H
| # include <inttypes.h>
| #endif
| #ifdef HAVE_STDINT_H
| # include <stdint.h>
| #endif
| #ifdef HAVE_STRINGS_H
| # include <strings.h>
| #endif
| #ifdef HAVE_SYS_TYPES_H
| # include <sys/types.h>
| #endif
| #ifdef HAVE_SYS_STAT_H
| # include <sys/stat.h>
| #endif
| #ifdef HAVE_UNISTD_H
| # include <unistd.h>
| #endif
| int
| main (void)
| {
| if (sizeof ((_Bool)))
| 	    return 0;
|   ;
|   return 0;
| }
configure:17672: result: yes
configure:17681: checking for stdbool.h that conforms to C99
configure:17797: gcc -c -Wall -Wextra -g -O3  conftest.c >&5
conftest.c: In function 'main':
conftest.c:123:14: warning: the address of 's' will always evaluate as 'true' [-Waddress]
  123 |              bool ps = &s;
      |              ^~~~
conftest.c:128:16: warning: the address of 't' will always evaluate as 'true' [-Waddress]
  128 |                _Bool pt = &t;
      |                ^~~~~
conftest.c:135:22: warning: the address of 'a' will always evaluate as 'true' [-Waddress]
  135 |              return (!a + !b + !c + !d + !e + !f + !g + !h + !i + !j + !k
      |                      ^
conftest.c:135:27: warning: the address of 'b' will always evaluate as 'true' [-Waddress]
  135 |              return (!a + !b + !c + !d + !e + !f + !g + !h + !i + !j + !k
      |                           ^
conftest.c:135:32: warning: the address of 'c' will always evaluate as 'true' [-Waddress]
  135 |              return (!a + !b + !c + !d + !e + !f + !g + !h + !i + !j + !k
      |                                ^
conftest.c:135:37: warning: the address of 'd' will always evaluate as 'true' [-Waddress]
  135 |              return (!a + !b + !c + !d + !e + !f + !g + !h + !i + !j + !k
      |                                     ^
conftest.c:135:62: warning: the address of 'i' will always evaluate as 'true' [-Waddress]
  135 |              return (!a + !b + !c + !d + !e + !f + !g + !h + !i + !j + !k
      |                                                              ^
conftest.c:135:67: warning: the address of 'j' will always evaluate as 'true' [-Waddress]
  135 |              return (!a + !b + !c + !d + !e + !f + !g + !h + !i + !j + !k
      |                                                                   ^
conftest.c:135:72: warning: the address of 'k' will always evaluate as 'true' [-Waddress]
  135 |              return (!a + !b + !c + !d + !e + !f + !g + !h + !i + !j + !k
      |                                                                        ^
conftest.c:136:24: warning: the address of 'l' will always evaluate as 'true' [-Waddress]
  136 |                      + !l + !m + !n + !o + !p + !pp + !ps
      |                        ^
conftest.c:136:29: warning: the address of 'm' will always evaluate as 'true' [-Waddress]
  136 |                      + !l + !m + !n + !o + !p + !pp + !ps
      |                             ^
conftest.c:136:34: warning: the address of 'n' will always evaluate as 'true' [-Waddress]
  136 |                      + !l + !m + !n + !o + !p + !pp + !ps
      |                                  ^
conftest.c:136:39: warning: the address of 'o' will always evaluate as 'true' [-Waddress]
  136 |                      + !l + !m + !n + !o + !p + !pp + !ps
      |                                       ^
conftest.c:138:24: warning: the address of 'q' will always evaluate as 'true' [-Waddress]
  138 |                      + !q + !r + !u + !v + !w + !x + !y + !z + !pt
      |                        ^
conftest.c:138:29: warning: the address of 'r' will always evaluate as 'true' [-Waddress]
  138 |                      + !q + !r + !u + !v + !w + !x + !y + !z + !pt
      |                             ^
conftest.c:138:34: warning: the address of 'u' will always evaluate as 'true' [-Waddress]
  138 |                      + !q + !r + !u + !v + !w + !x + !y + !z + !pt
      |                                  ^
conftest.c:138:39: warning: the address of 'v' will always evaluate as 'true' [-Waddress]
  138 |                      + !q + !r + !u + !v + !w + !x + !y + !z + !pt
      |                                       ^
conftest.c:138:44: warning: the address of 'w' will always evaluate as 'true' [-Waddress]
  138 |                      + !q + !r + !u + !v + !w + !x + !y + !z + !pt
      |                                            ^
conftest.c:138:49: warning: the address of 'x' will always evaluate as 'true' [-Waddress]
  138 |                      + !q + !r + !u + !v + !w + !x + !y + !z + !pt
      |                                                 ^
conftest.c:138:54: warning: the address of 'y' will always evaluate as 'true' [-Waddress]
  138 |                      + !q + !r + !u + !v + !w + !x + !y + !z + !pt
      |                                                      ^
configure:17797: $? = 0
configure:17805: result: yes
configure:17808: checking for inline
configure:17825: gcc -c -Wall -Wextra -g -O3  conftest.c >&5
configure:17825: $? = 0
configure:17834: result: inline
configure:17852: checking for size_t
configure:17852: gcc -c -Wall -Wextra -g -O3  conftest.c >&5
configure:17852: $? = 0
configure:17852: gcc -c -Wall -Wextra -g -O3  conftest.c >&5
conftest.c: In function 'main':
conftest.c:69:21: error: expected expression before ')' token
   69 | if (sizeof ((size_t)))
      |                     ^
configure:17852: $? = 1
configure: failed program was:
| /* confdefs.h */
| #define PACKAGE_NAME "cudd"
| #define PACKAGE_TARNAME "cudd"
| #define PACKAGE_VERSION "3.0.0"
| #define PACKAGE_STRING "cudd 3.0.0"
| #define PACKAGE_BUGREPORT "Fabio@Colorado.EDU"
| #define PACKAGE_URL ""
| #define PACKAGE "cudd"
| #define VERSION "3.0.0"
| #define HAVE_STDIO_H 1
| #define HAVE_STDLIB_H 1
| #define HAVE_STRING_H 1
| #define HAVE_INTTYPES_H 1
| #define HAVE_STDINT_H 1
| #define HAVE_STRINGS_H 1
| #define HAVE_SYS_STAT_H 1
| #define HAVE_SYS_TYPES_H 1
| #define HAVE_UNISTD_H 1
| #define STDC_HEADERS 1
| #define HAVE_DLFCN_H 1
| #define LT_OBJDIR ".libs/"
| #define HAVE_FLOAT_H 1
| #define HAVE_INTTYPES_H 1
| #define HAVE_LIMITS_H 1
| #define HAVE_STDDEF_H 1
| #define HAVE_STDLIB_H 1
| #define HAVE_STRING_H 1
| #define HAVE_ASSERT_H 1
| #define HAVE_MATH_H 1
| #define HAVE_UNISTD_H 1
| #define HAVE_SYS_TIME_H 1
| #define HAVE_SYS_TIMES_H 1
| #define HAVE_SYS_RESOURCE_H 1
| #define HAVE_SYS_WAIT_H 1
| #define HAVE_WORKING_THREAD 1
| #define HAVE__BOOL 1
| /* end confdefs.h.  */
| #include <stddef.h>
| #ifdef HAVE_STDIO_H
| # include <stdio.h>
| #endif
| #ifdef HAVE_STDLIB_H
| # include <stdlib.h>
| #endif
| #ifdef HAVE_STRING_H
| # include <string.h>
| #endif
| #ifdef HAVE_INTTYPES_H
| # include <inttypes.h>
| #endif
| #ifdef HAVE_STDINT_H
| # include <stdint.h>
| #endif
| #ifdef HAVE_STRINGS_H
| # include <strings.h>
| #endif
| #ifdef HAVE_SYS_TYPES_H
| # include <sys/types.h>
| #endif
| #ifdef HAVE_SYS_STAT_H
| # include <sys/stat.h>
| #endif
| #ifdef HAVE_UNISTD_H
| # include <unistd.h>
| #endif
| int
| main (void)
| {
| if (sizeof ((size_t)))
| 	    return 0;
|   ;
|   return 0;
| }
configure:17852: result: yes
configure:17862: checking for uint16_t
configure:17862: gcc -c -Wall -Wextra -g -O3  conftest.c >&5
configure:17862: $? = 0
configure:17862: result: yes
configure:17872: checking for uint32_t
configure:17872: gcc -c -Wall -Wextra -g -O3  conftest.c >&5
configure:17872: $? = 0
configure:17872: result: yes
configure:17884: checking for ptrdiff_t
configure:17884: gcc -c -Wall -Wextra -g -O3  conftest.c >&5
configure:17884: $? = 0
configure:17884: gcc -c -Wall -Wextra -g -O3  conftest.c >&5
conftest.c: In function 'main':
conftest.c:69:24: error: expected expression before ')' token
   69 | if (sizeof ((ptrdiff_t)))
      |                        ^
configure:17884: $? = 1
configure: failed program was:
| /* confdefs.h */
| #define PACKAGE_NAME "cudd"
| #define PACKAGE_TARNAME "cudd"
| #define PACKAGE_VERSION "3.0.0"
| #define PACKAGE_STRING "cudd 3.0.0"
| #define PACKAGE_BUGREPORT "Fabio@Colorado.EDU"
| #define PACKAGE_URL ""
| #define PACKAGE "cudd"
| #define VERSION "3.0.0"
| #define HAVE_STDIO_H 1
| #define HAVE_STDLIB_H 1
| #define HAVE_STRING_H 1
| #define HAVE_INTTYPES_H 1
| #define HAVE_STDINT_H 1
| #define HAVE_STRINGS_H 1
| #define HAVE_SYS_STAT_H 1
| #define HAVE_SYS_TYPES_H 1
| #define HAVE_UNISTD_H 1
| #define STDC_HEADERS 1
| #define HAVE_DLFCN_H 1
| #define LT_OBJDIR ".libs/"
| #define HAVE_FLOAT_H 1
| #define HAVE_INTTYPES_H 1
| #define HAVE_LIMITS_H 1
| #define HAVE_STDDEF_H 1
| #define HAVE_STDLIB_H 1
| #define HAVE_STRING_H 1
| #define HAVE_ASSERT_H 1
| #define HAVE_MATH_H 1
| #define HAVE_UNISTD_H 1
| #define HAVE_SYS_TIME_H 1
| #define HAVE_SYS_TIMES_H 1
| #define HAVE_SYS_RESOURCE_H 1
| #define HAVE_SYS_WAIT_H 1
| #define HAVE_WORKING_THREAD 1
| #define HAVE__BOOL 1
| /* end confdefs.h.  */
| #include <stddef.h>
| #ifdef HAVE_STDIO_H
| # include <stdio.h>
| #endif
| #ifdef HAVE_STDLIB_H
| # include <stdlib.h>
| #endif
| #ifdef HAVE_STRING_H
| # include <string.h>
| #endif
| #ifdef HAVE_INTTYPES_H
| # include <inttypes.h>
| #endif
| #ifdef HAVE_STDINT_H
| # include <stdint.h>
| #endif
| #ifdef HAVE_STRINGS_H
| # include <strings.h>
| #endif
| #ifdef HAVE_SYS_TYPES_H
| # include <sys/types.h>
| #endif
| #ifdef HAVE_SYS_STAT_H
| # include <sys/stat.h>
| #endif
| #ifdef HAVE_UNISTD_H
| # include <unistd.h>
| #endif
| int
| main (void)
| {
| if (sizeof ((ptrdiff_t)))
| 	    return 0;
|   ;
|   return 0;
| }
configure:17884: result: yes
configure:17897: checking size of int
configure:17903: gcc -o conftest -Wall -Wextra -g -O3   conftest.c -lm  >&5
configure:17903: $? = 0
configure:17903: ./conftest
configure:17903: $? = 0
configure:17918: result: 4
configure:17930: checking size of long
configure:17936: gcc -o conftest -Wall -Wextra -g -O3   conftest.c -lm  >&5
configure:17936: $? = 0
configure:17936: ./conftest
configure:17936: $? = 0
configure:17951: result: 8
configure:17963: checking size of void *
configure:17969: gcc -o conftest -Wall -Wextra -g -O3   conftest.c -lm  >&5
configure:17969: $? = 0
configure:17969: ./conftest
configure:17969: $? = 0
configure:17984: result: 8
configure:17996: checking size of long double
configure:18002: gcc -o conftest -Wall -Wextra -g -O3   conftest.c -lm  >&5
configure:18002: $? = 0
configure:18002: ./conftest
configure:18002: $? = 0
configure:18017: result: 16
configure:18025: checking whether we are building for a Win32 host
configure:18038: gcc -c -Wall -Wextra -g -O3  conftest.c >&5
configure:18038: $? = 0
configure:18046: result: no
configure:18061: checking whether enough of C++11 is supported
configure:18081: g++ -c -Wall -Wextra -std=c++0x -g -O3  conftest.cpp >&5
conftest.cpp: In function 'int main()':
conftest.cpp:46:9: warning: unused variable 'p' [-Wunused-variable]
   46 |   void *p = nullptr;
      |         ^
configure:18081: $? = 0
configure:18095: result: yes
configure:18109: checking for pow
configure:18109: gcc -o conftest -Wall -Wextra -g -O3   conftest.c -lm  >&5
conftest.c:60:6: warning: conflicting types for built-in function 'pow'; expected 'double(double,  double)' [-Wbuiltin-declaration-mismatch]
   60 | char pow ();
      |      ^~~
conftest.c:52:1: note: 'pow' is declared in header '<math.h>'
   51 | #include <limits.h>
   52 | #undef pow
configure:18109: $? = 0
configure:18109: result: yes
configure:18109: checking for sqrt
configure:18109: gcc -o conftest -Wall -Wextra -g -O3   conftest.c -lm  >&5
conftest.c:61:6: warning: conflicting types for built-in function 'sqrt'; expected 'double(double)' [-Wbuiltin-declaration-mismatch]
   61 | char sqrt ();
      |      ^~~~
conftest.c:53:1: note: 'sqrt' is declared in header '<math.h>'
   52 | #include <limits.h>
   53 | #undef sqrt
configure:18109: $? = 0
configure:18109: result: yes
configure:18109: checking for strchr
configure:18109: gcc -o conftest -Wall -Wextra -g -O3   conftest.c -lm  >&5
conftest.c:62:6: warning: conflicting types for built-in function 'strchr'; expected 'char *(const char *, int)' [-Wbuiltin-declaration-mismatch]
   62 | char strchr ();
      |      ^~~~~~
conftest.c:54:1: note: 'strchr' is declared in header '<string.h>'
   53 | #include <limits.h>
   54 | #undef strchr
configure:18109: $? = 0
configure:18109: result: yes
configure:18109: checking for strstr
configure:18109: gcc -o conftest -Wall -Wextra -g -O3   conftest.c -lm  >&5
conftest.c:63:6: warning: conflicting types for built-in function 'strstr'; expected 'char *(const char *, const char *)' [-Wbuiltin-declaration-mismatch]
   63 | char strstr ();
      |      ^~~~~~
conftest.c:55:1: note: 'strstr' is declared in header '<string.h>'
   54 | #include <limits.h>
   55 | #undef strstr
configure:18109: $? = 0
configure:18109: result: yes
configure:18125: checking for powl
configure:18125: gcc -o conftest -Wall -Wextra -g -O3   conftest.c -lm  >&5
conftest.c:64:6: warning: conflicting types for built-in function 'powl'; expected 'long double(long double,  long double)' [-Wbuiltin-declaration-mismatch]
   64 | char powl ();
      |      ^~~~
conftest.c:56:1: note: 'powl' is declared in header '<math.h>'
   55 | #include <limits.h>
   56 | #undef powl
configure:18125: $? = 0
configure:18125: result: yes
configure:18131: checking for gethostname
configure:18131: gcc -o conftest -Wall -Wextra -g -O3   conftest.c -lm  >&5
configure:18131: $? = 0
configure:18131: result: yes
configure:18137: checking for getrlimit
configure:18137: gcc -o conftest -Wall -Wextra -g -O3   conftest.c -lm  >&5
configure:18137: $? = 0
configure:18137: result: yes
configure:18143: checking for getrusage
configure:18143: gcc -o conftest -Wall -Wextra -g -O3   conftest.c -lm  >&5
configure:18143: $? = 0
configure:18143: result: yes
configure:18149: checking for sysconf
configure:18149: gcc -o conftest -Wall -Wextra -g -O3   conftest.c -lm  >&5
configure:18149: $? = 0
configure:18149: result: yes
configure:18159: checking for +Infinity (IEEE 754 floating point)
configure:18180: gcc -o conftest -Wall -Wextra -g -O3   conftest.c -lm  >&5
conftest.c:55:1: warning: return type defaults to 'int' [-Wimplicit-int]
   55 | main(void)
      | ^~~~
configure:18180: $? = 0
configure:18180: ./conftest
configure:18180: $? = 0
configure:18213: result: yes
configure:18342: checking that generated files are newer than configure
configure:18348: result: done
configure:18404: creating ./config.status

## ---------------- ##
## Cache variables. ##
## ---------------- ##

ac_cv_build=x86_64-unknown-linux-gnu
ac_cv_c_bigendian=no
ac_cv_c_compiler_gnu=yes
ac_cv_c_inline=inline
ac_cv_c_uint16_t=yes
ac_cv_c_uint32_t=yes
ac_cv_cxx_compiler_gnu=yes
ac_cv_env_CCC_set=
ac_cv_env_CCC_value=
ac_cv_env_CC_set=
ac_cv_env_CC_value=
ac_cv_env_CFLAGS_set=
ac_cv_env_CFLAGS_value=
ac_cv_env_CPPFLAGS_set=
ac_cv_env_CPPFLAGS_value=
ac_cv_env_CXXCPP_set=
ac_cv_env_CXXCPP_value=
ac_cv_env_CXXFLAGS_set=
ac_cv_env_CXXFLAGS_value=
ac_cv_env_CXX_set=
ac_cv_env_CXX_value=
ac_cv_env_LDFLAGS_set=
ac_cv_env_LDFLAGS_value=
ac_cv_env_LIBS_set=
ac_cv_env_LIBS_value=
ac_cv_env_build_alias_set=
ac_cv_env_build_alias_value=
ac_cv_env_host_alias_set=
ac_cv_env_host_alias_value=
ac_cv_env_target_alias_set=
ac_cv_env_target_alias_value=
ac_cv_func_gethostname=yes
ac_cv_func_getrlimit=yes
ac_cv_func_getrusage=yes
ac_cv_func_pow=yes
ac_cv_func_powl=yes
ac_cv_func_sqrt=yes
ac_cv_func_strchr=yes
ac_cv_func_strstr=yes
ac_cv_func_sysconf=yes
ac_cv_have_ieee_754=yes
ac_cv_have_modern_cxx=yes
ac_cv_header_assert_h=yes
ac_cv_header_dlfcn_h=yes
ac_cv_header_float_h=yes
ac_cv_header_inttypes_h=yes
ac_cv_header_limits_h=yes
ac_cv_header_math_h=yes
ac_cv_header_stdbool_h=yes
ac_cv_header_stddef_h=yes
ac_cv_header_stdint_h=yes
ac_cv_header_stdio_h=yes
ac_cv_header_stdlib_h=yes
ac_cv_header_string_h=yes
ac_cv_header_strings_h=yes
ac_cv_header_sys_resource_h=yes
ac_cv_header_sys_stat_h=yes
ac_cv_header_sys_time_h=yes
ac_cv_header_sys_times_h=yes
ac_cv_header_sys_types_h=yes
ac_cv_header_sys_wait_h=yes
ac_cv_header_unistd_h=yes
ac_cv_host=x86_64-unknown-linux-gnu
ac_cv_lib_pthread_pthread_create=yes
ac_cv_objext=o
ac_cv_path_EGREP='/usr/bin/grep -E'
ac_cv_path_FGREP='/usr/bin/grep -F'
ac_cv_path_GREP=/usr/bin/grep
ac_cv_path_SED=/usr/bin/sed
ac_cv_path_install='/usr/bin/install -c'
ac_cv_path_mkdir=/usr/bin/mkdir
ac_cv_prog_AWK=gawk
ac_cv_prog_CXXCPP='g++ -E'
ac_cv_prog_ac_ct_AR=ar
ac_cv_prog_ac_ct_CC=gcc
ac_cv_prog_ac_ct_CXX=g++
ac_cv_prog_ac_ct_MANIFEST_TOOL=mt
ac_cv_prog_ac_ct_OBJDUMP=objdump
ac_cv_prog_ac_ct_RANLIB=ranlib
ac_cv_prog_ac_ct_STRIP=strip
ac_cv_prog_cc_c11=
ac_cv_prog_cc_g=yes
ac_cv_prog_cc_stdc=
ac_cv_prog_cxx_11=no
ac_cv_prog_cxx_cxx11=
ac_cv_prog_cxx_g=yes
ac_cv_prog_cxx_stdcxx=
ac_cv_prog_make_make_set=yes
ac_cv_search_GetProcessMemoryInfo=no
ac_cv_search_WSAStartup=no
ac_cv_search_pow=-lm
ac_cv_sizeof_int=4
ac_cv_sizeof_long=8
ac_cv_sizeof_long_double=16
ac_cv_sizeof_void_p=8
ac_cv_type__Bool=yes
ac_cv_type_ptrdiff_t=yes
ac_cv_type_size_t=yes
am_cv_CC_dependencies_compiler_type=gcc3
am_cv_CXX_dependencies_compiler_type=gcc3
am_cv_ar_interface=ar
am_cv_make_support_nested_variables=yes
am_cv_prog_cc_c_o=yes
lt_cv_ar_at_file=@
lt_cv_deplibs_check_method=pass_all
lt_cv_file_magic_cmd='$MAGIC_CMD'
lt_cv_file_magic_test_file=
lt_cv_ld_reload_flag=-r
lt_cv_nm_interface='BSD nm'
lt_cv_objdir=.libs
lt_cv_path_LD=/usr/bin/ld
lt_cv_path_LDCXX='/usr/bin/ld -m elf_x86_64'
lt_cv_path_NM='/usr/bin/nm -B'
lt_cv_path_mainfest_tool=no
lt_cv_prog_compiler_c_o=yes
lt_cv_prog_compiler_c_o_CXX=yes
lt_cv_prog_compiler_pic='-fPIC -DPIC'
lt_cv_prog_compiler_pic_CXX='-fPIC -DPIC'
lt_cv_prog_compiler_pic_works=yes
lt_cv_prog_compiler_pic_works_CXX=yes
lt_cv_prog_compiler_rtti_exceptions=no
lt_cv_prog_compiler_static_works=yes
lt_cv_prog_compiler_static_works_CXX=yes
lt_cv_prog_gnu_ld=yes
lt_cv_prog_gnu_ldcxx=yes
lt_cv_sharedlib_from_linklib_cmd='printf %s\n'
lt_cv_shlibpath_overrides_runpath=yes
lt_cv_sys_global_symbol_pipe='sed -n -e '\''s/^.*[	 ]\([ABCDGIRSTW][ABCDGIRSTW]*\)[	 ][	 ]*\([_A-Za-z][_A-Za-z0-9]*\)$/\1 \2 \2/p'\'' | sed '\''/ __gnu_lto/d'\'''
lt_cv_sys_global_symbol_to_c_name_address='sed -n -e '\''s/^: \([^ ]*\)[ ]*$/  {\"\1\", (void *) 0},/p'\'' -e '\''s/^[ABCDGIRSTW]* \([^ ]*\) \([^ ]*\)$/  {"\2", (void *) \&\2},/p'\'''
lt_cv_sys_global_symbol_to_c_name_address_lib_prefix='sed -n -e '\''s/^: \([^ ]*\)[ ]*$/  {\"\1\", (void *) 0},/p'\'' -e '\''s/^[ABCDGIRSTW]* \([^ ]*\) \(lib[^ ]*\)$/  {"\2", (void *) \&\2},/p'\'' -e '\''s/^[ABCDGIRSTW]* \([^ ]*\) \([^ ]*\)$/  {"lib\2", (void *) \&\2},/p'\'''
lt_cv_sys_global_symbol_to_cdecl='sed -n -e '\''s/^T .* \(.*\)$/extern int \1();/p'\'' -e '\''s/^[ABCDGIRSTW]* .* \(.*\)$/extern char \1;/p'\'''
lt_cv_sys_max_cmd_len=1572864
lt_cv_to_host_file_cmd=func_convert_file_noop
lt_cv_to_tool_file_cmd=func_convert_file_noop
mingw_cv_win32_host=no

## ----------------- ##
## Output variables. ##
## ----------------- ##

ACLOCAL='${SHELL} '\''/home/ubuntu/Research/cudd-3.0.0/build-aux/missing'\'' aclocal-1.16'
AMDEPBACKSLASH='\'
AMDEP_FALSE='#'
AMDEP_TRUE=''
AMTAR='$${TAR-tar}'
AM_BACKSLASH='\'
AM_DEFAULT_V='$(AM_DEFAULT_VERBOSITY)'
AM_DEFAULT_VERBOSITY='1'
AM_V='$(V)'
AR='ar'
AS='as'
AUTOCONF='${SHELL} '\''/home/ubuntu/Research/cudd-3.0.0/build-aux/missing'\'' autoconf'
AUTOHEADER='${SHELL} '\''/home/ubuntu/Research/cudd-3.0.0/build-aux/missing'\'' autoheader'
AUTOMAKE='${SHELL} '\''/home/ubuntu/Research/cudd-3.0.0/build-aux/missing'\'' automake-1.16'
AWK='gawk'
CC='gcc'
CCDEPMODE='depmode=gcc3'
CFLAGS='-Wall -Wextra -g -O3'
CPPFLAGS=''
CROSS_COMPILING_FALSE=''
CROSS_COMPILING_TRUE='#'
CSCOPE='cscope'
CTAGS='ctags'
CXX='g++'
CXXCPP='g++ -E'
CXXDEPMODE='depmode=gcc3'
CXXFLAGS='-Wall -Wextra -std=c++0x -g -O3'
CYGPATH_W='echo'
DDDMP_FALSE=''
DDDMP_TRUE='#'
DEFS='-DHAVE_CONFIG_H'
DEPDIR='.deps'
DLLTOOL='false'
DOXYGEN=''
DSYMUTIL=''
DUMPBIN=''
ECHO_C=''
ECHO_N='-n'
ECHO_T=''
EGREP='/usr/bin/grep -E'
ETAGS='etags'
EXEEXT=''
FGREP='/usr/bin/grep -F'
GREP='/usr/bin/grep'
HAVE_DOXYGEN_FALSE=''
HAVE_DOXYGEN_TRUE='#'
HAVE_PDFLATEX_FALSE=''
HAVE_PDFLATEX_TRUE='#'
HAVE_PTHREADS_FALSE='#'
HAVE_PTHREADS_TRUE=''
INSTALL_DATA='${INSTALL} -m 644'
INSTALL_PROGRAM='${INSTALL}'
INSTALL_SCRIPT='${INSTALL}'
INSTALL_STRIP_PROGRAM='$(install_sh) -c -s'
LD='/usr/bin/ld -m elf_x86_64'
LDFLAGS=''
LIBOBJS=''
LIBS='-lm '
LIBTOOL='$(SHELL) $(top_builddir)/libtool'
LIPO=''
LN_S='ln -s'
LTLIBOBJS=''
MAKEINDEX=''
MAKEINFO='${SHELL} '\''/home/ubuntu/Research/cudd-3.0.0/build-aux/missing'\'' makeinfo'
MANIFEST_TOOL=':'
MINGW64_FALSE=''
MINGW64_TRUE='#'
MKDIR_P='/usr/bin/mkdir -p'
NM='/usr/bin/nm -B'
NMEDIT=''
OBJDUMP='objdump'
OBJEXT='o'
OBJ_FALSE=''
OBJ_TRUE='#'
OTOOL64=''
OTOOL=''
PACKAGE='cudd'
PACKAGE_BUGREPORT='Fabio@Colorado.EDU'
PACKAGE_NAME='cudd'
PACKAGE_STRING='cudd 3.0.0'
PACKAGE_TARNAME='cudd'
PACKAGE_URL=''
PACKAGE_VERSION='3.0.0'
PATH_SEPARATOR=':'
PDFLATEX=''
RANLIB='ranlib'
SED='/usr/bin/sed'
SET_MAKE=''
SHELL='/bin/bash'
STRIP='strip'
VERSION='3.0.0'
ac_ct_AR='ar'
ac_ct_CC='gcc'
ac_ct_CXX='g++'
ac_ct_DUMPBIN=''
am__EXEEXT_FALSE=''
am__EXEEXT_TRUE='#'
am__fastdepCC_FALSE='#'
am__fastdepCC_TRUE=''
am__fastdepCXX_FALSE='#'
am__fastdepCXX_TRUE=''
am__include='include'
am__isrc=''
am__leading_dot='.'
am__nodep='_no'
am__quote=''
am__tar='$${TAR-tar} chof - "$$tardir"'
am__untar='$${TAR-tar} xf -'
bindir='${exec_prefix}/bin'
build='x86_64-unknown-linux-gnu'
build_alias=''
build_cpu='x86_64'
build_os='linux-gnu'
build_vendor='unknown'
datadir='${datarootdir}'
datarootdir='${prefix}/share'
docdir='${datarootdir}/doc/${PACKAGE_TARNAME}'
dvidir='${docdir}'
exec_prefix='${prefix}'
host='x86_64-unknown-linux-gnu'
host_alias=''
host_cpu='x86_64'
host_os='linux-gnu'
host_vendor='unknown'
htmldir='${docdir}'
includedir='${prefix}/include'
infodir='${datarootdir}/info'
install_sh='${SHELL} /home/ubuntu/Research/cudd-3.0.0/build-aux/install-sh'
libdir='${exec_prefix}/lib'
libexecdir='${exec_prefix}/libexec'
localedir='${datarootdir}/locale'
localstatedir='${prefix}/var'
mandir='${datarootdir}/man'
mkdir_p='$(MKDIR_P)'
oldincludedir='/usr/include'
pdfdir='${docdir}'
prefix='/usr/local'
program_transform_name='s,x,x,'
psdir='${docdir}'
runstatedir='${localstatedir}/run'
sbindir='${exec_prefix}/sbin'
sharedstatedir='${prefix}/com'
sysconfdir='${prefix}/etc'
target_alias=''

## ----------- ##
## confdefs.h. ##
## ----------- ##

/* confdefs.h */
#define PACKAGE_NAME "cudd"
#define PACKAGE_TARNAME "cudd"
#define PACKAGE_VERSION "3.0.0"
#define PACKAGE_STRING "cudd 3.0.0"
#define PACKAGE_BUGREPORT "Fabio@Colorado.EDU"
#define PACKAGE_URL ""
#define PACKAGE "cudd"
#define VERSION "3.0.0"
#define HAVE_STDIO_H 1
#define HAVE_STDLIB_H 1
#define HAVE_STRING_H 1
#define HAVE_INTTYPES_H 1
#define HAVE_STDINT_H 1
#define HAVE_STRINGS_H 1
#define HAVE_SYS_STAT_H 1
#define HAVE_SYS_TYPES_H 1
#define HAVE_UNISTD_H 1
#define STDC_HEADERS 1
#define HAVE_DLFCN_H 1
#define LT_OBJDIR ".libs/"
#define HAVE_FLOAT_H 1
#define HAVE_INTTYPES_H 1
#define HAVE_LIMITS_H 1
#define HAVE_STDDEF_H 1
#define HAVE_STDLIB_H 1
#define HAVE_STRING_H 1
#define HAVE_ASSERT_H 1
#define HAVE_MATH_H 1
#define HAVE_UNISTD_H 1
#define HAVE_SYS_TIME_H 1
#define HAVE_SYS_TIMES_H 1
#define HAVE_SYS_RESOURCE_H 1
#define HAVE_SYS_WAIT_H 1
#define HAVE_WORKING_THREAD 1
#define HAVE__BOOL 1
#define HAVE_PTRDIFF_T 1
#define SIZEOF_INT 4
#define SIZEOF_LONG 8
#define SIZEOF_VOID_P 8
#define SIZEOF_LONG_DOUBLE 16
#define HAVE_MODERN_CXX 1
#define HAVE_POW 1
#define HAVE_SQRT 1
#define HAVE_STRCHR 1
#define HAVE_STRSTR 1
#define HAVE_POWL 1
#define HAVE_GETHOSTNAME 1
#define HAVE_GETRLIMIT 1
#define HAVE_GETRUSAGE 1
#define HAVE_SYSCONF 1
#define HAVE_IEEE_754 1

configure: exit 0

## ---------------------- ##
## Running config.status. ##
## ---------------------- ##

This file was extended by cudd config.status 3.0.0, which was
generated by GNU Autoconf 2.71.  Invocation command line was

  CONFIG_FILES    = 
  CONFIG_HEADERS  = 
  CONFIG_LINKS    = 
  CONFIG_COMMANDS = 
  $ ./config.status 

on ip-172-31-83-197

config.status:1198: creating Makefile
config.status:1198: creating dddmp/exp/test1.sh
config.status:1198: creating dddmp/exp/test2.sh
config.status:1198: creating dddmp/exp/test3.sh
config.status:1198: creating dddmp/exp/test4.sh
config.status:1198: creating dddmp/exp/test5.sh
config.status:1198: creating dddmp/exp/test6.sh
config.status:1198: creating dddmp/exp/test7.sh
config.status:1198: creating config.h
config.status:1379: config.h is unchanged
config.status:1427: executing depfiles commands
config.status:1504: cd .       && sed -e '/# am--include-marker/d' Makefile         | make -f - am--depfiles
make[1]: Entering directory '/home/ubuntu/Research/cudd-3.0.0'
make[1]: Nothing to be done for 'am--depfiles'.
make[1]: Leaving directory '/home/ubuntu/Research/cudd-3.0.0'
config.status:1509: $? = 0
config.status:1427: executing libtool commands
