\BOOKMARK [1][-]{section.1}{\376\377\000I\000n\000t\000r\000o\000d\000u\000c\000t\000i\000o\000n}{}% 1
\BOOKMARK [1][-]{section.2}{\376\377\000H\000o\000w\000\040\000t\000o\000\040\000G\000e\000t\000\040\000C\000U\000D\000D}{}% 2
\BOOKMARK [2][-]{subsection.2.1}{\376\377\000T\000h\000e\000\040\000C\000U\000D\000D\000\040\000P\000a\000c\000k\000a\000g\000e}{section.2}% 3
\BOOKMARK [2][-]{subsection.2.2}{\376\377\000C\000U\000D\000D\000\040\000F\000r\000i\000e\000n\000d\000s}{section.2}% 4
\BOOKMARK [1][-]{section.3}{\376\377\000U\000s\000e\000r\000'\000s\000\040\000M\000a\000n\000u\000a\000l}{}% 5
\BOOKMARK [2][-]{subsection.3.1}{\376\377\000C\000o\000m\000p\000i\000l\000i\000n\000g\000\040\000a\000n\000d\000\040\000L\000i\000n\000k\000i\000n\000g}{section.3}% 6
\BOOKMARK [2][-]{subsection.3.2}{\376\377\000B\000a\000s\000i\000c\000\040\000D\000a\000t\000a\000\040\000S\000t\000r\000u\000c\000t\000u\000r\000e\000s}{section.3}% 7
\BOOKMARK [3][-]{subsubsection.3.2.1}{\376\377\000N\000o\000d\000e\000s}{subsection.3.2}% 8
\BOOKMARK [3][-]{subsubsection.3.2.2}{\376\377\000T\000h\000e\000\040\000M\000a\000n\000a\000g\000e\000r}{subsection.3.2}% 9
\BOOKMARK [3][-]{subsubsection.3.2.3}{\376\377\000C\000a\000c\000h\000e}{subsection.3.2}% 10
\BOOKMARK [2][-]{subsection.3.3}{\376\377\000I\000n\000i\000t\000i\000a\000l\000i\000z\000i\000n\000g\000\040\000a\000n\000d\000\040\000S\000h\000u\000t\000t\000i\000n\000g\000\040\000D\000o\000w\000n\000\040\000a\000\040\000D\000d\000M\000a\000n\000a\000g\000e\000r}{section.3}% 11
\BOOKMARK [2][-]{subsection.3.4}{\376\377\000S\000e\000t\000t\000i\000n\000g\000\040\000P\000a\000r\000a\000m\000e\000t\000e\000r\000s}{section.3}% 12
\BOOKMARK [2][-]{subsection.3.5}{\376\377\000C\000o\000n\000s\000t\000a\000n\000t\000\040\000F\000u\000n\000c\000t\000i\000o\000n\000s}{section.3}% 13
\BOOKMARK [3][-]{subsubsection.3.5.1}{\376\377\000O\000n\000e\000,\000\040\000L\000o\000g\000i\000c\000\040\000Z\000e\000r\000o\000,\000\040\000a\000n\000d\000\040\000A\000r\000i\000t\000h\000m\000e\000t\000i\000c\000\040\000Z\000e\000r\000o}{subsection.3.5}% 14
\BOOKMARK [3][-]{subsubsection.3.5.2}{\376\377\000P\000r\000e\000d\000e\000f\000i\000n\000e\000d\000\040\000C\000o\000n\000s\000t\000a\000n\000t\000s}{subsection.3.5}% 15
\BOOKMARK [3][-]{subsubsection.3.5.3}{\376\377\000B\000a\000c\000k\000g\000r\000o\000u\000n\000d}{subsection.3.5}% 16
\BOOKMARK [3][-]{subsubsection.3.5.4}{\376\377\000N\000e\000w\000\040\000C\000o\000n\000s\000t\000a\000n\000t\000s}{subsection.3.5}% 17
\BOOKMARK [2][-]{subsection.3.6}{\376\377\000C\000r\000e\000a\000t\000i\000n\000g\000\040\000V\000a\000r\000i\000a\000b\000l\000e\000s}{section.3}% 18
\BOOKMARK [3][-]{subsubsection.3.6.1}{\376\377\000N\000e\000w\000\040\000B\000D\000D\000\040\000a\000n\000d\000\040\000A\000D\000D\000\040\000V\000a\000r\000i\000a\000b\000l\000e\000s}{subsection.3.6}% 19
\BOOKMARK [3][-]{subsubsection.3.6.2}{\376\377\000N\000e\000w\000\040\000Z\000D\000D\000\040\000V\000a\000r\000i\000a\000b\000l\000e\000s}{subsection.3.6}% 20
\BOOKMARK [2][-]{subsection.3.7}{\376\377\000B\000a\000s\000i\000c\000\040\000B\000D\000D\000\040\000M\000a\000n\000i\000p\000u\000l\000a\000t\000i\000o\000n}{section.3}% 21
\BOOKMARK [2][-]{subsection.3.8}{\376\377\000B\000a\000s\000i\000c\000\040\000A\000D\000D\000\040\000M\000a\000n\000i\000p\000u\000l\000a\000t\000i\000o\000n}{section.3}% 22
\BOOKMARK [2][-]{subsection.3.9}{\376\377\000B\000a\000s\000i\000c\000\040\000Z\000D\000D\000\040\000M\000a\000n\000i\000p\000u\000l\000a\000t\000i\000o\000n}{section.3}% 23
\BOOKMARK [2][-]{subsection.3.10}{\376\377\000C\000o\000n\000v\000e\000r\000t\000i\000n\000g\000\040\000A\000D\000D\000s\000\040\000t\000o\000\040\000B\000D\000D\000s\000\040\000a\000n\000d\000\040\000V\000i\000c\000e\000\040\000V\000e\000r\000s\000a}{section.3}% 24
\BOOKMARK [2][-]{subsection.3.11}{\376\377\000C\000o\000n\000v\000e\000r\000t\000i\000n\000g\000\040\000B\000D\000D\000s\000\040\000t\000o\000\040\000Z\000D\000D\000s\000\040\000a\000n\000d\000\040\000V\000i\000c\000e\000\040\000V\000e\000r\000s\000a}{section.3}% 25
\BOOKMARK [2][-]{subsection.3.12}{\376\377\000V\000a\000r\000i\000a\000b\000l\000e\000\040\000R\000e\000o\000r\000d\000e\000r\000i\000n\000g\000\040\000f\000o\000r\000\040\000B\000D\000D\000s\000\040\000a\000n\000d\000\040\000A\000D\000D\000s}{section.3}% 26
\BOOKMARK [2][-]{subsection.3.13}{\376\377\000G\000r\000o\000u\000p\000i\000n\000g\000\040\000V\000a\000r\000i\000a\000b\000l\000e\000s}{section.3}% 27
\BOOKMARK [2][-]{subsection.3.14}{\376\377\000V\000a\000r\000i\000a\000b\000l\000e\000\040\000R\000e\000o\000r\000d\000e\000r\000i\000n\000g\000\040\000f\000o\000r\000\040\000Z\000D\000D\000s}{section.3}% 28
\BOOKMARK [2][-]{subsection.3.15}{\376\377\000K\000e\000e\000p\000i\000n\000g\000\040\000C\000o\000n\000s\000i\000s\000t\000e\000n\000t\000\040\000V\000a\000r\000i\000a\000b\000l\000e\000\040\000O\000r\000d\000e\000r\000s\000\040\000f\000o\000r\000\040\000B\000D\000D\000s\000\040\000a\000n\000d\000\040\000Z\000D\000D\000s}{section.3}% 29
\BOOKMARK [2][-]{subsection.3.16}{\376\377\000H\000o\000o\000k\000s}{section.3}% 30
\BOOKMARK [2][-]{subsection.3.17}{\376\377\000T\000i\000m\000e\000o\000u\000t\000s\000\040\000a\000n\000d\000\040\000L\000i\000m\000i\000t\000s}{section.3}% 31
\BOOKMARK [2][-]{subsection.3.18}{\376\377\000W\000r\000i\000t\000i\000n\000g\000\040\000D\000e\000c\000i\000s\000i\000o\000n\000\040\000D\000i\000a\000g\000r\000a\000m\000s\000\040\000t\000o\000\040\000a\000\040\000F\000i\000l\000e}{section.3}% 32
\BOOKMARK [2][-]{subsection.3.19}{\376\377\000S\000a\000v\000i\000n\000g\000\040\000a\000n\000d\000\040\000R\000e\000s\000t\000o\000r\000i\000n\000g\000\040\000B\000D\000D\000s}{section.3}% 33
\BOOKMARK [1][-]{section.4}{\376\377\000P\000r\000o\000g\000r\000a\000m\000m\000e\000r\000'\000s\000\040\000M\000a\000n\000u\000a\000l}{}% 34
\BOOKMARK [2][-]{subsection.4.1}{\376\377\000C\000o\000m\000p\000i\000l\000i\000n\000g\000\040\000a\000n\000d\000\040\000L\000i\000n\000k\000i\000n\000g}{section.4}% 35
\BOOKMARK [2][-]{subsection.4.2}{\376\377\000R\000e\000f\000e\000r\000e\000n\000c\000e\000\040\000C\000o\000u\000n\000t\000s}{section.4}% 36
\BOOKMARK [3][-]{subsubsection.4.2.1}{\376\377\000N\000U\000L\000L\000\040\000R\000e\000t\000u\000r\000n\000\040\000V\000a\000l\000u\000e\000s}{subsection.4.2}% 37
\BOOKMARK [3][-]{subsubsection.4.2.2}{\376\377\000C\000u\000d\000d\000\137\000R\000e\000c\000u\000r\000s\000i\000v\000e\000D\000e\000r\000e\000f\000\040\000v\000s\000.\000\040\000C\000u\000d\000d\000\137\000D\000e\000r\000e\000f}{subsection.4.2}% 38
\BOOKMARK [3][-]{subsubsection.4.2.3}{\376\377\000W\000h\000e\000n\000\040\000I\000n\000c\000r\000e\000a\000s\000i\000n\000g\000\040\000t\000h\000e\000\040\000R\000e\000f\000e\000r\000e\000n\000c\000e\000\040\000C\000o\000u\000n\000t\000\040\000i\000s\000\040\000U\000n\000n\000e\000c\000e\000s\000s\000a\000r\000y}{subsection.4.2}% 39
\BOOKMARK [3][-]{subsubsection.4.2.4}{\376\377\000S\000a\000t\000u\000r\000a\000t\000i\000n\000g\000\040\000I\000n\000c\000r\000e\000m\000e\000n\000t\000s\000\040\000a\000n\000d\000\040\000D\000e\000c\000r\000e\000m\000e\000n\000t\000s}{subsection.4.2}% 40
\BOOKMARK [2][-]{subsection.4.3}{\376\377\000C\000o\000m\000p\000l\000e\000m\000e\000n\000t\000\040\000A\000r\000c\000s}{section.4}% 41
\BOOKMARK [2][-]{subsection.4.4}{\376\377\000T\000h\000e\000\040\000C\000a\000c\000h\000e}{section.4}% 42
\BOOKMARK [3][-]{subsubsection.4.4.1}{\376\377\000C\000a\000c\000h\000e\000\040\000S\000i\000z\000i\000n\000g}{subsection.4.4}% 43
\BOOKMARK [3][-]{subsubsection.4.4.2}{\376\377\000L\000o\000c\000a\000l\000\040\000C\000a\000c\000h\000e\000s}{subsection.4.4}% 44
\BOOKMARK [2][-]{subsection.4.5}{\376\377\000T\000h\000e\000\040\000U\000n\000i\000q\000u\000e\000\040\000T\000a\000b\000l\000e}{section.4}% 45
\BOOKMARK [2][-]{subsection.4.6}{\376\377\000A\000l\000l\000o\000w\000i\000n\000g\000\040\000A\000s\000y\000n\000c\000h\000r\000o\000n\000o\000u\000s\000\040\000R\000e\000o\000r\000d\000e\000r\000i\000n\000g}{section.4}% 46
\BOOKMARK [2][-]{subsection.4.7}{\376\377\000D\000e\000b\000u\000g\000g\000i\000n\000g}{section.4}% 47
\BOOKMARK [2][-]{subsection.4.8}{\376\377\000G\000a\000t\000h\000e\000r\000i\000n\000g\000\040\000a\000n\000d\000\040\000I\000n\000t\000e\000r\000p\000r\000e\000t\000i\000n\000g\000\040\000S\000t\000a\000t\000i\000s\000t\000i\000c\000s}{section.4}% 48
\BOOKMARK [3][-]{subsubsection.4.8.1}{\376\377\000N\000o\000n\000\040\000M\000o\000d\000i\000f\000i\000a\000b\000l\000e\000\040\000P\000a\000r\000a\000m\000e\000t\000e\000r\000s}{subsection.4.8}% 49
\BOOKMARK [3][-]{subsubsection.4.8.2}{\376\377\000M\000o\000d\000i\000f\000i\000a\000b\000l\000e\000\040\000P\000a\000r\000a\000m\000e\000t\000e\000r\000s}{subsection.4.8}% 50
\BOOKMARK [3][-]{subsubsection.4.8.3}{\376\377\000E\000x\000t\000e\000n\000d\000e\000d\000\040\000S\000t\000a\000t\000i\000s\000t\000i\000c\000s\000\040\000a\000n\000d\000\040\000R\000e\000p\000o\000r\000t\000i\000n\000g}{subsection.4.8}% 51
\BOOKMARK [2][-]{subsection.4.9}{\376\377\000G\000u\000i\000d\000e\000l\000i\000n\000e\000s\000\040\000f\000o\000r\000\040\000D\000o\000c\000u\000m\000e\000n\000t\000a\000t\000i\000o\000n}{section.4}% 52
\BOOKMARK [1][-]{section.5}{\376\377\000T\000h\000e\000\040\000C\000+\000+\000\040\000I\000n\000t\000e\000r\000f\000a\000c\000e}{}% 53
\BOOKMARK [2][-]{subsection.5.1}{\376\377\000C\000o\000m\000p\000i\000l\000i\000n\000g\000\040\000a\000n\000d\000\040\000L\000i\000n\000k\000i\000n\000g}{section.5}% 54
\BOOKMARK [2][-]{subsection.5.2}{\376\377\000B\000a\000s\000i\000c\000\040\000M\000a\000n\000i\000p\000u\000l\000a\000t\000i\000o\000n}{section.5}% 55
\BOOKMARK [1][-]{section.6}{\376\377\000A\000c\000k\000n\000o\000w\000l\000e\000d\000g\000m\000e\000n\000t\000s}{}% 56
\BOOKMARK [1][-]{section*.2}{\376\377\000R\000e\000f\000e\000r\000e\000n\000c\000e\000s}{}% 57
\BOOKMARK [1][-]{section*.4}{\376\377\000I\000n\000d\000e\000x}{}% 58
